{
  "RSpec": {
    "coverage": {
      "/Users/omistaja/salaryparser/spec/features/file_upload_spec.rb": [
        1,
        null,
        null,
        1,
        null,
        1,
        8,
        null,
        null,
        1,
        null,
        1,
        1,
        1,
        null,
        null,
        1,
        1,
        1,
        1,
        null,
        null,
        1,
        1,
        1,
        1,
        null,
        null,
        1,
        1,
        1,
        1,
        null,
        null,
        1,
        1,
        1,
        1,
        null,
        null,
        1,
        1,
        1,
        1,
        null,
        null,
        1,
        1,
        1,
        1,
        null,
        null,
        null,
        null,
        null,
        1,
        null,
        1,
        1,
        1,
        1,
        null,
        null,
        null,
        null
      ],
      "/Users/omistaja/salaryparser/spec/rails_helper.rb": [
        null,
        1,
        1,
        null,
        1,
        1,
        1,
        null,
        null,
        null,
        null,
        null,
        null,
        null,
        null,
        null,
        null,
        null,
        null,
        null,
        null,
        null,
        null,
        null,
        null,
        null,
        1,
        null,
        1,
        null,
        1,
        null,
        null,
        null,
        null,
        1,
        null,
        null,
        null,
        null,
        null,
        null,
        null,
        null,
        null,
        null,
        null,
        null,
        null,
        null,
        1,
        null,
        null,
        1,
        null,
        null,
        null
      ],
      "/Users/omistaja/salaryparser/config/environment.rb": [
        null,
        1,
        null,
        null,
        1
      ],
      "/Users/omistaja/salaryparser/config/application.rb": [
        1,
        null,
        1,
        null,
        null,
        null,
        1,
        null,
        1,
        1,
        null,
        null,
        null,
        null,
        null,
        null,
        null,
        null,
        null,
        null,
        null,
        null,
        null,
        1,
        null,
        null
      ],
      "/Users/omistaja/salaryparser/config/boot.rb": [
        1,
        null,
        1
      ],
      "/Users/omistaja/salaryparser/config/environments/test.rb": [
        1,
        null,
        null,
        null,
        null,
        null,
        null,
        1,
        null,
        null,
        null,
        null,
        1,
        null,
        null,
        1,
        1,
        null,
        null,
        1,
        1,
        null,
        null,
        1,
        null,
        null,
        1,
        null,
        null,
        null,
        null,
        1,
        null,
        null,
        1,
        null,
        null,
        1,
        null,
        null,
        null,
        null
      ],
      "/Users/omistaja/salaryparser/config/initializers/assets.rb": [
        null,
        null,
        null,
        1,
        null,
        null,
        null,
        null,
        null,
        null,
        null
      ],
      "/Users/omistaja/salaryparser/config/initializers/backtrace_silencers.rb": [
        null,
        null,
        null,
        null,
        null,
        null,
        null
      ],
      "/Users/omistaja/salaryparser/config/initializers/cookies_serializer.rb": [
        null,
        null,
        1
      ],
      "/Users/omistaja/salaryparser/config/initializers/filter_parameter_logging.rb": [
        null,
        null,
        null,
        1
      ],
      "/Users/omistaja/salaryparser/config/initializers/inflections.rb": [
        null,
        null,
        null,
        null,
        null,
        null,
        null,
        null,
        null,
        null,
        null,
        null,
        null,
        null,
        null,
        null
      ],
      "/Users/omistaja/salaryparser/config/initializers/mime_types.rb": [
        null,
        null,
        null,
        null
      ],
      "/Users/omistaja/salaryparser/config/initializers/session_store.rb": [
        null,
        null,
        1
      ],
      "/Users/omistaja/salaryparser/config/initializers/wrap_parameters.rb": [
        null,
        null,
        null,
        null,
        null,
        null,
        1,
        1,
        null,
        null,
        null,
        null,
        null,
        null
      ],
      "/Users/omistaja/salaryparser/config/routes.rb": [
        1,
        1,
        null,
        1,
        null,
        null,
        null,
        null,
        null,
        1,
        1,
        null,
        null,
        null,
        null,
        null,
        null,
        null,
        null,
        null,
        null,
        null,
        null,
        null,
        null,
        null,
        null,
        null,
        null,
        null,
        null,
        null,
        null,
        null,
        null,
        null,
        null,
        null,
        null,
        null,
        null,
        null,
        null,
        null,
        null,
        null,
        null,
        null,
        null,
        null,
        null,
        null,
        null,
        null,
        null,
        null,
        null,
        null,
        null,
        null,
        null
      ],
      "/Users/omistaja/salaryparser/app/helpers/application_helper.rb": [
        1,
        null
      ],
      "/Users/omistaja/salaryparser/app/helpers/file_helper.rb": [
        1,
        null,
        1,
        1,
        null,
        1,
        7,
        7,
        null,
        null,
        1,
        8,
        7,
        null,
        1,
        null,
        null,
        null,
        1,
        6,
        1,
        null,
        5,
        null,
        null,
        null,
        null,
        1,
        7,
        6,
        null,
        1,
        null,
        null,
        null,
        1,
        8,
        null,
        null,
        null,
        null,
        null
      ],
      "/Users/omistaja/salaryparser/app/helpers/salaries_helper.rb": [
        1,
        null,
        1,
        6,
        6,
        72,
        5,
        null,
        67,
        67,
        0,
        null,
        67,
        null,
        1,
        null,
        null,
        1,
        72,
        72,
        null,
        1,
        1,
        null,
        71,
        null,
        null,
        null,
        1,
        0,
        null,
        null,
        1,
        71,
        1,
        null,
        70,
        null,
        null,
        1,
        70,
        null,
        null,
        1,
        137,
        null,
        null,
        1,
        67,
        194,
        0,
        null,
        null,
        67,
        null,
        null,
        1,
        67,
        125,
        64,
        null,
        null,
        3,
        null,
        null,
        1,
        67,
        3,
        null,
        null,
        null
      ],
      "/Users/omistaja/salaryparser/app/controllers/salaries_controller.rb": [
        1,
        null,
        1,
        null,
        1,
        null,
        null,
        null,
        1,
        8,
        8,
        8,
        null,
        null,
        null
      ],
      "/Users/omistaja/salaryparser/app/controllers/application_controller.rb": [
        1,
        null,
        null,
        1,
        null
      ],
      "/Users/omistaja/salaryparser/app/models/worker.rb": [
        1,
        null,
        null,
        null,
        1,
        125,
        0,
        null,
        125,
        null,
        null,
        1,
        194,
        0,
        null,
        194,
        null,
        null,
        null
      ]
    },
    "timestamp": 1511115113
  }
}
