{
  "RSpec": {
    "coverage": {
      "/Users/omistaja/salaryparser/spec/features/file_upload_spec.rb": [
        1,
        null,
        null,
        1,
        null,
        1,
        8,
        null,
        null,
        1,
        null,
        1,
        1,
        1,
        null,
        null,
        1,
        1,
        1,
        1,
        null,
        null,
        1,
        1,
        1,
        1,
        null,
        null,
        1,
        1,
        1,
        1,
        null,
        null,
        1,
        1,
        1,
        1,
        null,
        null,
        1,
        1,
        1,
        1,
        null,
        null,
        1,
        1,
        1,
        1,
        null,
        null,
        null,
        null,
        null,
        1,
        null,
        1,
        1,
        1,
        1,
        null,
        null,
        null,
        null
      ],
      "/Users/omistaja/salaryparser/spec/rails_helper.rb": [
        null,
        1,
        1,
        null,
        1,
        1,
        1,
        null,
        null,
        null,
        null,
        null,
        null,
        null,
        null,
        null,
        null,
        null,
        null,
        null,
        null,
        null,
        null,
        null,
        null,
        null,
        1,
        null,
        1,
        null,
        1,
        null,
        null,
        null,
        null,
        1,
        null,
        null,
        null,
        null,
        null,
        null,
        null,
        null,
        null,
        null,
        null,
        null,
        null,
        null,
        1,
        null,
        null,
        1,
        null,
        null,
        null
      ],
      "/Users/omistaja/salaryparser/config/environment.rb": [
        null,
        1,
        null,
        null,
        1
      ],
      "/Users/omistaja/salaryparser/config/application.rb": [
        1,
        null,
        1,
        null,
        null,
        null,
        1,
        null,
        1,
        1,
        null,
        null,
        null,
        null,
        null,
        null,
        null,
        null,
        null,
        null,
        null,
        null,
        null,
        1,
        null,
        null
      ],
      "/Users/omistaja/salaryparser/config/boot.rb": [
        1,
        null,
        1
      ],
      "/Users/omistaja/salaryparser/config/environments/test.rb": [
        1,
        null,
        null,
        null,
        null,
        null,
        null,
        1,
        null,
        null,
        null,
        null,
        1,
        null,
        null,
        1,
        1,
        null,
        null,
        1,
        1,
        null,
        null,
        1,
        null,
        null,
        1,
        null,
        null,
        null,
        null,
        1,
        null,
        null,
        1,
        null,
        null,
        1,
        null,
        null,
        null,
        null
      ],
      "/Users/omistaja/salaryparser/config/initializers/assets.rb": [
        null,
        null,
        null,
        1,
        null,
        null,
        null,
        null,
        null,
        null,
        null
      ],
      "/Users/omistaja/salaryparser/config/initializers/backtrace_silencers.rb": [
        null,
        null,
        null,
        null,
        null,
        null,
        null
      ],
      "/Users/omistaja/salaryparser/config/initializers/cookies_serializer.rb": [
        null,
        null,
        1
      ],
      "/Users/omistaja/salaryparser/config/initializers/filter_parameter_logging.rb": [
        null,
        null,
        null,
        1
      ],
      "/Users/omistaja/salaryparser/config/initializers/inflections.rb": [
        null,
        null,
        null,
        null,
        null,
        null,
        null,
        null,
        null,
        null,
        null,
        null,
        null,
        null,
        null,
        null
      ],
      "/Users/omistaja/salaryparser/config/initializers/mime_types.rb": [
        null,
        null,
        null,
        null
      ],
      "/Users/omistaja/salaryparser/config/initializers/session_store.rb": [
        null,
        null,
        1
      ],
      "/Users/omistaja/salaryparser/config/initializers/wrap_parameters.rb": [
        null,
        null,
        null,
        null,
        null,
        null,
        1,
        1,
        null,
        null,
        null,
        null,
        null,
        null
      ],
      "/Users/omistaja/salaryparser/config/routes.rb": [
        1,
        1,
        null,
        1,
        null,
        null,
        null,
        null,
        null,
        1,
        1,
        null,
        null,
        null,
        null,
        null,
        null,
        null,
        null,
        null,
        null,
        null,
        null,
        null,
        null,
        null,
        null,
        null,
        null,
        null,
        null,
        null,
        null,
        null,
        null,
        null,
        null,
        null,
        null,
        null,
        null,
        null,
        null,
        null,
        null,
        null,
        null,
        null,
        null,
        null,
        null,
        null,
        null,
        null,
        null,
        null,
        null,
        null,
        null,
        null,
        null
      ],
      "/Users/omistaja/salaryparser/app/helpers/application_helper.rb": [
        1,
        null
      ],
      "/Users/omistaja/salaryparser/app/helpers/file_helper.rb": [
        1,
        null,
        1,
        1,
        null,
        1,
        11,
        11,
        null,
        null,
        1,
        10,
        8,
        null,
        2,
        null,
        null,
        null,
        1,
        6,
        1,
        null,
        5,
        null,
        null,
        null,
        null,
        1,
        9,
        6,
        null,
        3,
        null,
        null,
        null,
        1,
        12,
        null,
        null,
        null,
        null,
        null
      ],
      "/Users/omistaja/salaryparser/app/helpers/salaries_helper.rb": [
        1,
        null,
        1,
        12,
        12,
        144,
        10,
        null,
        134,
        134,
        0,
        null,
        134,
        null,
        2,
        null,
        null,
        1,
        144,
        144,
        null,
        2,
        2,
        null,
        142,
        null,
        null,
        null,
        1,
        0,
        null,
        null,
        1,
        142,
        2,
        null,
        140,
        null,
        null,
        1,
        140,
        null,
        null,
        1,
        274,
        null,
        null,
        1,
        137,
        393,
        1,
        null,
        null,
        136,
        null,
        null,
        1,
        138,
        254,
        130,
        null,
        null,
        8,
        null,
        null,
        1,
        136,
        7,
        null,
        null,
        null
      ],
      "/Users/omistaja/salaryparser/spec/helpers/file_helper_spec.rb": [
        1,
        null,
        1,
        3,
        4,
        null,
        1,
        5,
        5,
        null,
        null,
        1,
        2,
        null,
        null,
        1,
        3,
        null,
        null,
        1,
        null,
        1,
        1,
        null,
        null,
        1,
        1,
        null,
        null,
        null,
        1,
        null,
        1,
        1,
        null,
        null,
        1,
        1,
        null,
        null,
        null,
        null,
        1,
        null,
        1,
        1,
        1,
        null,
        null,
        null,
        null,
        1,
        null,
        1,
        1,
        1,
        null,
        null,
        1,
        1,
        1,
        null,
        null,
        null,
        null,
        null,
        null,
        null,
        null,
        null
      ],
      "/Users/omistaja/salaryparser/spec/helpers/salaries_helper_spec.rb": [
        1,
        null,
        1,
        8,
        6,
        2,
        6,
        null,
        1,
        5,
        null,
        null,
        1,
        2,
        null,
        null,
        1,
        1,
        null,
        null,
        1,
        5,
        null,
        null,
        1,
        1,
        1,
        1,
        1,
        null,
        null,
        null,
        1,
        null,
        1,
        1,
        1,
        null,
        null,
        1,
        1,
        1,
        null,
        null,
        1,
        1,
        1,
        null,
        null,
        1,
        1,
        1,
        null,
        null,
        1,
        1,
        1,
        null,
        null,
        null,
        null,
        null,
        null,
        null,
        null,
        1,
        null,
        1,
        null,
        1,
        1,
        1,
        null,
        null,
        null,
        1,
        null,
        1,
        1,
        1,
        null,
        null,
        1,
        1,
        null,
        null,
        null,
        null,
        1,
        null,
        1,
        null,
        1,
        1,
        null,
        null,
        null,
        null,
        1,
        null,
        1,
        1,
        null,
        null,
        null,
        null,
        null,
        1,
        null,
        1,
        null,
        1,
        1,
        1,
        1,
        null,
        null,
        null,
        1,
        null,
        1,
        1,
        1,
        1,
        null,
        null,
        null,
        null,
        null
      ],
      "/Users/omistaja/salaryparser/spec/models/worker_spec.rb": [
        1,
        null,
        1,
        null,
        1,
        null,
        1,
        null,
        1,
        1,
        1,
        1,
        null,
        null,
        null,
        null,
        1,
        null,
        1,
        1,
        1,
        null,
        null,
        1,
        1,
        1,
        1,
        null,
        null,
        1,
        1,
        1,
        1,
        null,
        null,
        null,
        null,
        null,
        1,
        null,
        1,
        null,
        1,
        1,
        1,
        1,
        null,
        null,
        null,
        null,
        null,
        null,
        1,
        null,
        1,
        1,
        1,
        null,
        null,
        1,
        1,
        1,
        1,
        null,
        null,
        1,
        1,
        1,
        1,
        null,
        null,
        null,
        null,
        null,
        1,
        14,
        null,
        null
      ],
      "/Users/omistaja/salaryparser/app/models/worker.rb": [
        1,
        null,
        null,
        null,
        1,
        258,
        1,
        null,
        257,
        null,
        null,
        1,
        397,
        1,
        null,
        396,
        null,
        null,
        null
      ],
      "/Users/omistaja/salaryparser/app/controllers/salaries_controller.rb": [
        1,
        null,
        1,
        null,
        1,
        null,
        null,
        null,
        1,
        8,
        8,
        8,
        null,
        null,
        null
      ],
      "/Users/omistaja/salaryparser/app/controllers/application_controller.rb": [
        1,
        null,
        null,
        1,
        null
      ]
    },
    "timestamp": 1511115229
  }
}
